android/app/build/intermediates/manifest_merge_blame_file/uatDebug/manifest-merger-blame-uat-debug-report.txt
1<?xml version="1.0" encoding="utf-8"?>
2<manifest xmlns:android="http://schemas.android.com/apk/res/android"
3    package="id.lifecustomer.uat"
4    android:versionCode="1"
5    android:versionName="1.1.51" >
6
7    <uses-sdk
8        android:minSdkVersion="23"
9        android:targetSdkVersion="31" />
10
11    <uses-permission android:name="android.permission.INTERNET" />
11-->src/main/AndroidManifest.xml:2:3-64
11-->src/main/AndroidManifest.xml:2:20-62
12    <uses-permission android:name="android.permission.ACCESS_FINE_LOCATION" />
12-->src/main/AndroidManifest.xml:3:3-77
12-->src/main/AndroidManifest.xml:3:20-74
13    <uses-permission android:name="android.permission.CAMERA" />
13-->src/main/AndroidManifest.xml:4:3-63
13-->src/main/AndroidManifest.xml:4:20-60
14    <uses-permission android:name="android.permission.RECORD_AUDIO" />
14-->src/main/AndroidManifest.xml:5:3-69
14-->src/main/AndroidManifest.xml:5:20-66
15    <uses-permission android:name="android.permission.ACCESS_NETWORK_STATE" />
15-->src/main/AndroidManifest.xml:6:3-77
15-->src/main/AndroidManifest.xml:6:20-74
16    <uses-permission android:name="android.permission.WRITE_CONTACTS" />
16-->src/main/AndroidManifest.xml:7:3-70
16-->src/main/AndroidManifest.xml:7:20-68
17    <uses-permission android:name="android.permission.READ_CONTACTS" />
17-->src/main/AndroidManifest.xml:8:3-69
17-->src/main/AndroidManifest.xml:8:20-67
18    <uses-permission android:name="android.permission.WRITE_EXTERNAL_STORAGE" />
18-->src/main/AndroidManifest.xml:9:3-79
18-->src/main/AndroidManifest.xml:9:20-76
19
20    <uses-feature
20-->src/main/AndroidManifest.xml:11:3-83
21        android:name="android.hardware.camera"
21-->src/main/AndroidManifest.xml:11:17-55
22        android:required="true" />
22-->src/main/AndroidManifest.xml:11:56-80
23    <uses-feature
23-->src/main/AndroidManifest.xml:12:3-89
24        android:name="android.hardware.camera.front"
24-->src/main/AndroidManifest.xml:12:17-61
25        android:required="false" />
25-->src/main/AndroidManifest.xml:12:62-86
26
27    <uses-permission android:name="android.permission.WAKE_LOCK" />
27-->[:react-native-firebase_analytics] AndroidManifest.xml:11:5-68
27-->[:react-native-firebase_analytics] AndroidManifest.xml:11:22-65
28    <uses-permission android:name="com.google.android.gms.permission.AD_ID" />
28-->[:react-native-appsflyer] AndroidManifest.xml:11:5-79
28-->[:react-native-appsflyer] AndroidManifest.xml:11:22-76
29    <uses-permission android:name="android.permission.USE_BIOMETRIC" />
29-->[:react-native-biometrics] AndroidManifest.xml:9:5-72
29-->[:react-native-biometrics] AndroidManifest.xml:9:22-69
30    <uses-permission android:name="android.permission.USE_FINGERPRINT" /> <!-- Required to check whether Wi-Fi is enabled -->
30-->[:react-native-biometrics] AndroidManifest.xml:10:5-74
30-->[:react-native-biometrics] AndroidManifest.xml:10:22-71
31    <uses-permission android:name="android.permission.ACCESS_WIFI_STATE" /> <!-- Required to read and write the expansion files on shared storage for Android 11 -->
31-->[:react-native-blob-util] AndroidManifest.xml:25:5-76
31-->[:react-native-blob-util] AndroidManifest.xml:25:22-73
32    <uses-permission android:name="android.permission.READ_EXTERNAL_STORAGE" /> <!-- Required to to download files without a notification -->
32-->[:react-native-blob-util] AndroidManifest.xml:31:5-80
32-->[:react-native-blob-util] AndroidManifest.xml:31:22-77
33    <uses-permission android:name="android.permission.DOWNLOAD_WITHOUT_NOTIFICATION" />
33-->[:react-native-blob-util] AndroidManifest.xml:34:5-88
33-->[:react-native-blob-util] AndroidManifest.xml:34:22-85
34
35    <queries>
35-->[:react-native-image-crop-picker] AndroidManifest.xml:9:5-13:15
36        <intent>
36-->[:react-native-image-crop-picker] AndroidManifest.xml:10:9-12:18
37            <action android:name="android.media.action.IMAGE_CAPTURE" />
37-->[:react-native-image-crop-picker] AndroidManifest.xml:11:13-73
37-->[:react-native-image-crop-picker] AndroidManifest.xml:11:21-70
38        </intent>
39
40        <package android:name="com.facebook.katana" />
40-->[com.facebook.android:facebook-common:16.0.0] AndroidManifest.xml:18:9-55
40-->[com.facebook.android:facebook-common:16.0.0] AndroidManifest.xml:18:18-52
41
42        <intent>
42-->[androidx.camera:camera-extensions:1.1.0-beta02] AndroidManifest.xml:25:9-27:18
43            <action android:name="androidx.camera.extensions.action.VENDOR_ACTION" />
43-->[androidx.camera:camera-extensions:1.1.0-beta02] AndroidManifest.xml:26:13-86
43-->[androidx.camera:camera-extensions:1.1.0-beta02] AndroidManifest.xml:26:21-83
44        </intent>
45    </queries> <!-- Create a unique permission for your app and use it so only your app can receive your OneSignal messages. -->
46    <permission
46-->[com.onesignal:OneSignal:4.8.2] AndroidManifest.xml:7:5-9:47
47        android:name="id.lifecustomer.uat.permission.C2D_MESSAGE"
47-->[com.onesignal:OneSignal:4.8.2] AndroidManifest.xml:8:9-63
48        android:protectionLevel="signature" />
48-->[com.onesignal:OneSignal:4.8.2] AndroidManifest.xml:9:9-44
49
50    <uses-permission android:name="id.lifecustomer.uat.permission.C2D_MESSAGE" /> <!-- OneSignal SDK has runtime checks Android version. -->
50-->[com.onesignal:OneSignal:4.8.2] AndroidManifest.xml:11:5-79
50-->[com.onesignal:OneSignal:4.8.2] AndroidManifest.xml:11:22-76
51    <!-- <uses-sdk tools:overrideLibrary="android.support.customtabs"/> -->
52    <!-- Required runtime permission to display notifications on Android 13 -->
53    <uses-permission android:name="android.permission.POST_NOTIFICATIONS" /> <!-- c2dm RECEIVE are basic requirements for push messages through Google's FCM -->
53-->[com.onesignal:OneSignal:4.8.2] AndroidManifest.xml:16:5-77
53-->[com.onesignal:OneSignal:4.8.2] AndroidManifest.xml:16:22-74
54    <uses-permission android:name="com.google.android.c2dm.permission.RECEIVE" />
54-->[com.onesignal:OneSignal:4.8.2] AndroidManifest.xml:18:5-82
54-->[com.onesignal:OneSignal:4.8.2] AndroidManifest.xml:18:22-79
55    <!--
56 Required so the device vibrates on receiving a push notification.
57         Vibration settings of the device still apply.
58    -->
59    <uses-permission android:name="android.permission.VIBRATE" />
59-->[com.onesignal:OneSignal:4.8.2] AndroidManifest.xml:24:5-66
59-->[com.onesignal:OneSignal:4.8.2] AndroidManifest.xml:24:22-63
60    <!--
61 Use to restore notifications the user hasn't interacted with.
62         They could be missed notifications if the user reboots their device if this isn't in place.
63    -->
64    <uses-permission android:name="android.permission.RECEIVE_BOOT_COMPLETED" /> <!-- START: ShortcutBadger -->
64-->[com.onesignal:OneSignal:4.8.2] AndroidManifest.xml:30:5-81
64-->[com.onesignal:OneSignal:4.8.2] AndroidManifest.xml:30:22-78
65    <!-- Samsung -->
66    <uses-permission android:name="com.sec.android.provider.badge.permission.READ" />
66-->[com.onesignal:OneSignal:4.8.2] AndroidManifest.xml:32:5-86
66-->[com.onesignal:OneSignal:4.8.2] AndroidManifest.xml:32:22-83
67    <uses-permission android:name="com.sec.android.provider.badge.permission.WRITE" /> <!-- HTC -->
67-->[com.onesignal:OneSignal:4.8.2] AndroidManifest.xml:33:5-87
67-->[com.onesignal:OneSignal:4.8.2] AndroidManifest.xml:33:22-84
68    <uses-permission android:name="com.htc.launcher.permission.READ_SETTINGS" />
68-->[com.onesignal:OneSignal:4.8.2] AndroidManifest.xml:34:5-81
68-->[com.onesignal:OneSignal:4.8.2] AndroidManifest.xml:34:22-78
69    <uses-permission android:name="com.htc.launcher.permission.UPDATE_SHORTCUT" /> <!-- Sony -->
69-->[com.onesignal:OneSignal:4.8.2] AndroidManifest.xml:35:5-83
69-->[com.onesignal:OneSignal:4.8.2] AndroidManifest.xml:35:22-80
70    <uses-permission android:name="com.sonyericsson.home.permission.BROADCAST_BADGE" />
70-->[com.onesignal:OneSignal:4.8.2] AndroidManifest.xml:36:5-88
70-->[com.onesignal:OneSignal:4.8.2] AndroidManifest.xml:36:22-85
71    <uses-permission android:name="com.sonymobile.home.permission.PROVIDER_INSERT_BADGE" /> <!-- Apex -->
71-->[com.onesignal:OneSignal:4.8.2] AndroidManifest.xml:37:5-92
71-->[com.onesignal:OneSignal:4.8.2] AndroidManifest.xml:37:22-89
72    <uses-permission android:name="com.anddoes.launcher.permission.UPDATE_COUNT" /> <!-- Solid -->
72-->[com.onesignal:OneSignal:4.8.2] AndroidManifest.xml:38:5-84
72-->[com.onesignal:OneSignal:4.8.2] AndroidManifest.xml:38:22-81
73    <uses-permission android:name="com.majeur.launcher.permission.UPDATE_BADGE" /> <!-- Huawei -->
73-->[com.onesignal:OneSignal:4.8.2] AndroidManifest.xml:39:5-83
73-->[com.onesignal:OneSignal:4.8.2] AndroidManifest.xml:39:22-80
74    <uses-permission android:name="com.huawei.android.launcher.permission.CHANGE_BADGE" />
74-->[com.onesignal:OneSignal:4.8.2] AndroidManifest.xml:40:5-91
74-->[com.onesignal:OneSignal:4.8.2] AndroidManifest.xml:40:22-88
75    <uses-permission android:name="com.huawei.android.launcher.permission.READ_SETTINGS" />
75-->[com.onesignal:OneSignal:4.8.2] AndroidManifest.xml:41:5-92
75-->[com.onesignal:OneSignal:4.8.2] AndroidManifest.xml:41:22-89
76    <uses-permission android:name="com.huawei.android.launcher.permission.WRITE_SETTINGS" /> <!-- ZUK -->
76-->[com.onesignal:OneSignal:4.8.2] AndroidManifest.xml:42:5-93
76-->[com.onesignal:OneSignal:4.8.2] AndroidManifest.xml:42:22-90
77    <uses-permission android:name="android.permission.READ_APP_BADGE" /> <!-- OPPO -->
77-->[com.onesignal:OneSignal:4.8.2] AndroidManifest.xml:43:5-73
77-->[com.onesignal:OneSignal:4.8.2] AndroidManifest.xml:43:22-70
78    <uses-permission android:name="com.oppo.launcher.permission.READ_SETTINGS" />
78-->[com.onesignal:OneSignal:4.8.2] AndroidManifest.xml:44:5-82
78-->[com.onesignal:OneSignal:4.8.2] AndroidManifest.xml:44:22-79
79    <uses-permission android:name="com.oppo.launcher.permission.WRITE_SETTINGS" /> <!-- EvMe -->
79-->[com.onesignal:OneSignal:4.8.2] AndroidManifest.xml:45:5-83
79-->[com.onesignal:OneSignal:4.8.2] AndroidManifest.xml:45:22-80
80    <uses-permission android:name="me.everything.badger.permission.BADGE_COUNT_READ" />
80-->[com.onesignal:OneSignal:4.8.2] AndroidManifest.xml:46:5-88
80-->[com.onesignal:OneSignal:4.8.2] AndroidManifest.xml:46:22-85
81    <uses-permission android:name="me.everything.badger.permission.BADGE_COUNT_WRITE" />
81-->[com.onesignal:OneSignal:4.8.2] AndroidManifest.xml:47:5-89
81-->[com.onesignal:OneSignal:4.8.2] AndroidManifest.xml:47:22-86
82    <uses-permission android:name="android.permission.FOREGROUND_SERVICE" />
82-->[androidx.work:work-runtime:2.7.0] AndroidManifest.xml:28:5-77
82-->[androidx.work:work-runtime:2.7.0] AndroidManifest.xml:28:22-74
83    <uses-permission android:name="com.google.android.finsky.permission.BIND_GET_INSTALL_REFERRER_SERVICE" />
83-->[com.google.android.gms:play-services-measurement:21.1.1] AndroidManifest.xml:26:5-110
83-->[com.google.android.gms:play-services-measurement:21.1.1] AndroidManifest.xml:26:22-107
84
85    <application
85-->src/main/AndroidManifest.xml:14:3-42:17
86        android:name="id.lifecustomer.MainApplication"
86-->src/main/AndroidManifest.xml:15:5-36
87        android:allowBackup="false"
87-->src/main/AndroidManifest.xml:19:5-32
88        android:appComponentFactory="androidx.core.app.CoreComponentFactory"
88-->[androidx.core:core:1.6.0] AndroidManifest.xml:24:18-86
89        android:debuggable="true"
90        android:extractNativeLibs="false"
91        android:fullBackupContent="@xml/appsflyer_backup_rules"
91-->[com.appsflyer:af-android-sdk:6.9.4] AndroidManifest.xml:15:18-73
92        android:icon="@mipmap/ic_launcher"
92-->src/main/AndroidManifest.xml:17:5-39
93        android:label="@string/app_name"
93-->src/main/AndroidManifest.xml:16:5-37
94        android:roundIcon="@mipmap/ic_launcher_round"
94-->src/main/AndroidManifest.xml:18:5-50
95        android:supportsRtl="true"
95-->[com.facebook.android:facebook-android-sdk:16.0.0] AndroidManifest.xml:16:18-44
96        android:theme="@style/AppTheme"
96-->src/main/AndroidManifest.xml:20:5-36
97        android:usesCleartextTraffic="true" >
97-->src/debug/AndroidManifest.xml:6:9-44
98        <activity android:name="com.facebook.react.devsupport.DevSettingsActivity" />
98-->src/debug/AndroidManifest.xml:10:9-86
98-->src/debug/AndroidManifest.xml:10:19-83
99
100        <meta-data
100-->src/main/AndroidManifest.xml:21:5-103
101            android:name="com.facebook.sdk.ApplicationId"
101-->src/main/AndroidManifest.xml:21:16-61
102            android:value="@string/FACEBOOK_APP_ID" />
102-->src/main/AndroidManifest.xml:21:62-101
103        <meta-data
103-->src/main/AndroidManifest.xml:22:5-107
104            android:name="com.facebook.sdk.ClientToken"
104-->src/main/AndroidManifest.xml:22:16-59
105            android:value="@string/FACEBOOK_CLIENT_TOKEN" />
105-->src/main/AndroidManifest.xml:22:60-105
106
107        <activity
107-->src/main/AndroidManifest.xml:23:5-41:16
108            android:name="id.lifecustomer.MainActivity"
108-->src/main/AndroidManifest.xml:24:7-35
109            android:configChanges="keyboard|keyboardHidden|orientation|screenSize|uiMode"
109-->src/main/AndroidManifest.xml:27:7-84
110            android:exported="true"
110-->src/main/AndroidManifest.xml:25:7-30
111            android:label="@string/app_name"
111-->src/main/AndroidManifest.xml:26:7-39
112            android:launchMode="singleTask"
112-->src/main/AndroidManifest.xml:28:7-38
113            android:screenOrientation="portrait"
113-->src/main/AndroidManifest.xml:30:7-43
114            android:windowSoftInputMode="adjustResize" >
114-->src/main/AndroidManifest.xml:29:7-49
115            <intent-filter android:autoVerify="true" >
115-->src/main/AndroidManifest.xml:31:7-34:23
115-->src/main/AndroidManifest.xml:31:22-47
116                <action android:name="android.intent.action.MAIN" />
116-->src/main/AndroidManifest.xml:32:9-60
116-->src/main/AndroidManifest.xml:32:17-58
117
118                <category android:name="android.intent.category.LAUNCHER" />
118-->src/main/AndroidManifest.xml:33:9-68
118-->src/main/AndroidManifest.xml:33:19-66
119            </intent-filter>
120            <intent-filter>
120-->src/main/AndroidManifest.xml:35:7-40:23
121                <action android:name="android.intent.action.VIEW" />
121-->src/main/AndroidManifest.xml:36:9-60
121-->src/main/AndroidManifest.xml:36:17-58
122
123                <category android:name="android.intent.category.DEFAULT" />
123-->src/main/AndroidManifest.xml:37:9-67
123-->src/main/AndroidManifest.xml:37:19-65
124                <category android:name="android.intent.category.BROWSABLE" />
124-->src/main/AndroidManifest.xml:38:9-69
124-->src/main/AndroidManifest.xml:38:19-67
125
126                <data android:scheme="idlifecustomer" />
126-->src/main/AndroidManifest.xml:39:9-48
126-->src/main/AndroidManifest.xml:39:15-46
127            </intent-filter>
128        </activity>
129
130        <meta-data
130-->[:react-native-firebase_analytics] AndroidManifest.xml:14:9-16:36
131            android:name="firebase_analytics_collection_enabled"
131-->[:react-native-firebase_analytics] AndroidManifest.xml:15:13-65
132            android:value="true" />
132-->[:react-native-firebase_analytics] AndroidManifest.xml:16:13-33
133        <meta-data
133-->[:react-native-firebase_analytics] AndroidManifest.xml:17:9-19:37
134            android:name="firebase_analytics_collection_deactivated"
134-->[:react-native-firebase_analytics] AndroidManifest.xml:18:13-69
135            android:value="false" />
135-->[:react-native-firebase_analytics] AndroidManifest.xml:19:13-34
136        <meta-data
136-->[:react-native-firebase_analytics] AndroidManifest.xml:20:9-22:36
137            android:name="google_analytics_adid_collection_enabled"
137-->[:react-native-firebase_analytics] AndroidManifest.xml:21:13-68
138            android:value="true" />
138-->[:react-native-firebase_analytics] AndroidManifest.xml:22:13-33
139        <meta-data
139-->[:react-native-firebase_analytics] AndroidManifest.xml:23:9-25:36
140            android:name="google_analytics_ssaid_collection_enabled"
140-->[:react-native-firebase_analytics] AndroidManifest.xml:24:13-69
141            android:value="true" />
141-->[:react-native-firebase_analytics] AndroidManifest.xml:25:13-33
142        <meta-data
142-->[:react-native-firebase_analytics] AndroidManifest.xml:26:9-28:36
143            android:name="google_analytics_default_allow_ad_personalization_signals"
143-->[:react-native-firebase_analytics] AndroidManifest.xml:27:13-85
144            android:value="true" />
144-->[:react-native-firebase_analytics] AndroidManifest.xml:28:13-33
145        <meta-data
145-->[:react-native-firebase_analytics] AndroidManifest.xml:29:9-31:36
146            android:name="google_analytics_automatic_screen_reporting_enabled"
146-->[:react-native-firebase_analytics] AndroidManifest.xml:30:13-79
147            android:value="true" /> <!-- Disable crashlytics by default so we can custom init with CrashlyticsNdk support -->
147-->[:react-native-firebase_analytics] AndroidManifest.xml:31:13-33
148        <meta-data
148-->[:react-native-firebase_crashlytics] AndroidManifest.xml:12:9-14:37
149            android:name="firebase_crashlytics_collection_enabled"
149-->[:react-native-firebase_crashlytics] AndroidManifest.xml:13:13-67
150            android:value="false" />
150-->[:react-native-firebase_crashlytics] AndroidManifest.xml:14:13-34
151
152        <provider
152-->[:react-native-firebase_crashlytics] AndroidManifest.xml:16:9-20:38
153            android:name="io.invertase.firebase.crashlytics.ReactNativeFirebaseCrashlyticsInitProvider"
153-->[:react-native-firebase_crashlytics] AndroidManifest.xml:17:13-104
154            android:authorities="id.lifecustomer.uat.reactnativefirebasecrashlyticsinitprovider"
154-->[:react-native-firebase_crashlytics] AndroidManifest.xml:18:13-94
155            android:exported="false"
155-->[:react-native-firebase_crashlytics] AndroidManifest.xml:19:13-37
156            android:initOrder="98" />
156-->[:react-native-firebase_crashlytics] AndroidManifest.xml:20:13-35
157
158        <meta-data
158-->[:react-native-firebase_app] AndroidManifest.xml:11:9-13:36
159            android:name="app_data_collection_default_enabled"
159-->[:react-native-firebase_app] AndroidManifest.xml:12:13-63
160            android:value="true" />
160-->[:react-native-firebase_app] AndroidManifest.xml:13:13-33
161
162        <service
162-->[:react-native-firebase_app] AndroidManifest.xml:15:9-23:19
163            android:name="com.google.firebase.components.ComponentDiscoveryService"
163-->[:react-native-firebase_app] AndroidManifest.xml:16:13-84
164            android:directBootAware="true"
164-->[:react-native-firebase_app] AndroidManifest.xml:17:13-43
165            android:exported="false" >
165-->[:react-native-firebase_app] AndroidManifest.xml:18:13-37
166            <meta-data
166-->[:react-native-firebase_app] AndroidManifest.xml:20:13-22:85
167                android:name="com.google.firebase.components:io.invertase.firebase.app.ReactNativeFirebaseAppRegistrar"
167-->[:react-native-firebase_app] AndroidManifest.xml:21:17-120
168                android:value="com.google.firebase.components.ComponentRegistrar" />
168-->[:react-native-firebase_app] AndroidManifest.xml:22:17-82
169            <meta-data
169-->[com.google.firebase:firebase-firestore:24.3.1] AndroidManifest.xml:20:13-22:85
170                android:name="com.google.firebase.components:com.google.firebase.firestore.FirestoreRegistrar"
170-->[com.google.firebase:firebase-firestore:24.3.1] AndroidManifest.xml:21:17-111
171                android:value="com.google.firebase.components.ComponentRegistrar" />
171-->[com.google.firebase:firebase-firestore:24.3.1] AndroidManifest.xml:22:17-82
172            <meta-data
172-->[com.google.firebase:firebase-crashlytics-ndk:18.2.13] AndroidManifest.xml:35:13-37:85
173                android:name="com.google.firebase.components:com.google.firebase.crashlytics.ndk.CrashlyticsNdkRegistrar"
173-->[com.google.firebase:firebase-crashlytics-ndk:18.2.13] AndroidManifest.xml:36:17-122
174                android:value="com.google.firebase.components.ComponentRegistrar" />
174-->[com.google.firebase:firebase-crashlytics-ndk:18.2.13] AndroidManifest.xml:37:17-82
175            <meta-data
175-->[com.google.firebase:firebase-crashlytics:18.2.13] AndroidManifest.xml:18:13-20:85
176                android:name="com.google.firebase.components:com.google.firebase.crashlytics.CrashlyticsRegistrar"
176-->[com.google.firebase:firebase-crashlytics:18.2.13] AndroidManifest.xml:19:17-115
177                android:value="com.google.firebase.components.ComponentRegistrar" />
177-->[com.google.firebase:firebase-crashlytics:18.2.13] AndroidManifest.xml:20:17-82
178            <meta-data
178-->[com.google.firebase:firebase-messaging:23.0.8] AndroidManifest.xml:56:13-58:85
179                android:name="com.google.firebase.components:com.google.firebase.messaging.FirebaseMessagingRegistrar"
179-->[com.google.firebase:firebase-messaging:23.0.8] AndroidManifest.xml:57:17-119
180                android:value="com.google.firebase.components.ComponentRegistrar" />
180-->[com.google.firebase:firebase-messaging:23.0.8] AndroidManifest.xml:58:17-82
181            <meta-data
181-->[com.google.firebase:firebase-datatransport:18.1.6] AndroidManifest.xml:28:13-30:85
182                android:name="com.google.firebase.components:com.google.firebase.datatransport.TransportRegistrar"
182-->[com.google.firebase:firebase-datatransport:18.1.6] AndroidManifest.xml:29:17-115
183                android:value="com.google.firebase.components.ComponentRegistrar" />
183-->[com.google.firebase:firebase-datatransport:18.1.6] AndroidManifest.xml:30:17-82
184            <meta-data
184-->[com.google.firebase:firebase-dynamic-links:21.0.2] AndroidManifest.xml:27:13-29:85
185                android:name="com.google.firebase.components:com.google.firebase.dynamiclinks.internal.FirebaseDynamicLinkRegistrar"
185-->[com.google.firebase:firebase-dynamic-links:21.0.2] AndroidManifest.xml:28:17-133
186                android:value="com.google.firebase.components.ComponentRegistrar" />
186-->[com.google.firebase:firebase-dynamic-links:21.0.2] AndroidManifest.xml:29:17-82
187            <meta-data
187-->[com.google.android.gms:play-services-measurement-api:21.1.1] AndroidManifest.xml:31:13-33:85
188                android:name="com.google.firebase.components:com.google.firebase.analytics.connector.internal.AnalyticsConnectorRegistrar"
188-->[com.google.android.gms:play-services-measurement-api:21.1.1] AndroidManifest.xml:32:17-139
189                android:value="com.google.firebase.components.ComponentRegistrar" />
189-->[com.google.android.gms:play-services-measurement-api:21.1.1] AndroidManifest.xml:33:17-82
190            <meta-data
190-->[com.google.firebase:firebase-installations:17.0.3] AndroidManifest.xml:18:13-20:85
191                android:name="com.google.firebase.components:com.google.firebase.installations.FirebaseInstallationsRegistrar"
191-->[com.google.firebase:firebase-installations:17.0.3] AndroidManifest.xml:19:17-127
192                android:value="com.google.firebase.components.ComponentRegistrar" />
192-->[com.google.firebase:firebase-installations:17.0.3] AndroidManifest.xml:20:17-82
193        </service>
194
195        <provider
195-->[:react-native-firebase_app] AndroidManifest.xml:25:9-29:38
196            android:name="io.invertase.firebase.app.ReactNativeFirebaseAppInitProvider"
196-->[:react-native-firebase_app] AndroidManifest.xml:26:13-88
197            android:authorities="id.lifecustomer.uat.reactnativefirebaseappinitprovider"
197-->[:react-native-firebase_app] AndroidManifest.xml:27:13-86
198            android:exported="false"
198-->[:react-native-firebase_app] AndroidManifest.xml:28:13-37
199            android:initOrder="99" />
199-->[:react-native-firebase_app] AndroidManifest.xml:29:13-35
200        <provider
200-->[:react-native-blob-util] AndroidManifest.xml:37:9-45:20
201            android:name="com.ReactNativeBlobUtil.Utils.FileProvider"
201-->[:react-native-blob-util] AndroidManifest.xml:38:13-70
202            android:authorities="id.lifecustomer.uat.provider"
202-->[:react-native-blob-util] AndroidManifest.xml:39:13-60
203            android:exported="false"
203-->[:react-native-blob-util] AndroidManifest.xml:40:13-37
204            android:grantUriPermissions="true" >
204-->[:react-native-blob-util] AndroidManifest.xml:41:13-47
205            <meta-data
205-->[:react-native-blob-util] AndroidManifest.xml:42:13-44:58
206                android:name="android.support.FILE_PROVIDER_PATHS"
206-->[:react-native-blob-util] AndroidManifest.xml:43:17-67
207                android:resource="@xml/provider_paths" />
207-->[:react-native-blob-util] AndroidManifest.xml:44:17-55
208        </provider>
209
210        <activity android:name="com.masteratul.exceptionhandler.DefaultErrorScreen" >
210-->[:react-native-exception-handler] AndroidManifest.xml:10:9-11:20
210-->[:react-native-exception-handler] AndroidManifest.xml:10:19-84
211        </activity>
212
213        <provider
213-->[:react-native-image-crop-picker] AndroidManifest.xml:18:9-26:20
214            android:name="com.reactnative.ivpusic.imagepicker.IvpusicImagePickerFileProvider"
214-->[:react-native-image-crop-picker] AndroidManifest.xml:19:13-94
215            android:authorities="id.lifecustomer.uat.provider"
215-->[:react-native-image-crop-picker] AndroidManifest.xml:20:13-60
216            android:exported="false"
216-->[:react-native-image-crop-picker] AndroidManifest.xml:21:13-37
217            android:grantUriPermissions="true" >
217-->[:react-native-image-crop-picker] AndroidManifest.xml:22:13-47
218            <meta-data
218-->[:react-native-blob-util] AndroidManifest.xml:42:13-44:58
219                android:name="android.support.FILE_PROVIDER_PATHS"
219-->[:react-native-blob-util] AndroidManifest.xml:43:17-67
220                android:resource="@xml/ivpusic_imagepicker_provider_paths" />
220-->[:react-native-blob-util] AndroidManifest.xml:44:17-55
221        </provider>
222
223        <activity
223-->[:react-native-image-crop-picker] AndroidManifest.xml:28:9-30:72
224            android:name="com.yalantis.ucrop.UCropActivity"
224-->[:react-native-image-crop-picker] AndroidManifest.xml:29:13-60
225            android:theme="@style/Theme.AppCompat.Light.NoActionBar" />
225-->[:react-native-image-crop-picker] AndroidManifest.xml:30:13-69
226
227        <provider
227-->[:react-native-webview] AndroidManifest.xml:10:9-18:20
228            android:name="com.reactnativecommunity.webview.RNCWebViewFileProvider"
228-->[:react-native-webview] AndroidManifest.xml:11:13-83
229            android:authorities="id.lifecustomer.uat.fileprovider"
229-->[:react-native-webview] AndroidManifest.xml:12:13-64
230            android:exported="false"
230-->[:react-native-webview] AndroidManifest.xml:13:13-37
231            android:grantUriPermissions="true" >
231-->[:react-native-webview] AndroidManifest.xml:14:13-47
232            <meta-data
232-->[:react-native-blob-util] AndroidManifest.xml:42:13-44:58
233                android:name="android.support.FILE_PROVIDER_PATHS"
233-->[:react-native-blob-util] AndroidManifest.xml:43:17-67
234                android:resource="@xml/file_provider_paths" />
234-->[:react-native-blob-util] AndroidManifest.xml:44:17-55
235        </provider>
236
237        <activity
237-->[:liveness] AndroidManifest.xml:12:9-16:72
238            android:name="ai.advance.liveness.sdk.activity.LivenessActivity"
238-->[:liveness] AndroidManifest.xml:13:13-77
239            android:launchMode="singleTop"
239-->[:liveness] AndroidManifest.xml:14:13-43
240            android:screenOrientation="portrait"
240-->[:liveness] AndroidManifest.xml:15:13-49
241            android:theme="@style/Theme.AppCompat.Light.NoActionBar" />
241-->[:liveness] AndroidManifest.xml:16:13-69
242        <activity
242-->[com.facebook.android:facebook-common:16.0.0] AndroidManifest.xml:22:9-25:66
243            android:name="com.facebook.FacebookActivity"
243-->[com.facebook.android:facebook-common:16.0.0] AndroidManifest.xml:23:13-57
244            android:configChanges="keyboard|keyboardHidden|screenLayout|screenSize|orientation"
244-->[com.facebook.android:facebook-common:16.0.0] AndroidManifest.xml:24:13-96
245            android:theme="@style/com_facebook_activity_theme" />
245-->[com.facebook.android:facebook-common:16.0.0] AndroidManifest.xml:25:13-63
246        <activity android:name="com.facebook.CustomTabMainActivity" />
246-->[com.facebook.android:facebook-common:16.0.0] AndroidManifest.xml:26:9-71
246-->[com.facebook.android:facebook-common:16.0.0] AndroidManifest.xml:26:19-68
247        <activity
247-->[com.facebook.android:facebook-common:16.0.0] AndroidManifest.xml:27:9-41:20
248            android:name="com.facebook.CustomTabActivity"
248-->[com.facebook.android:facebook-common:16.0.0] AndroidManifest.xml:28:13-58
249            android:exported="true" >
249-->[com.facebook.android:facebook-common:16.0.0] AndroidManifest.xml:29:13-36
250            <intent-filter>
250-->[com.facebook.android:facebook-common:16.0.0] AndroidManifest.xml:31:13-40:29
251                <action android:name="android.intent.action.VIEW" />
251-->src/main/AndroidManifest.xml:36:9-60
251-->src/main/AndroidManifest.xml:36:17-58
252
253                <category android:name="android.intent.category.DEFAULT" />
253-->src/main/AndroidManifest.xml:37:9-67
253-->src/main/AndroidManifest.xml:37:19-65
254                <category android:name="android.intent.category.BROWSABLE" />
254-->src/main/AndroidManifest.xml:38:9-69
254-->src/main/AndroidManifest.xml:38:19-67
255
256                <data
256-->src/main/AndroidManifest.xml:39:9-48